{"C:\\Users\\marci\\Source\\headless-mule\\src\\calendar\\Calendar.tsx": {"path":"C:\\Users\\marci\\Source\\headless-mule\\src\\calendar\\Calendar.tsx","statementMap":{"0":{"start":{"line":1,"column":0},"end":{"line":1,"column":25}},"1":{"start":{"line":2,"column":0},"end":{"line":2,"column":57}},"2":{"start":{"line":3,"column":0},"end":{"line":3,"column":52}},"3":{"start":{"line":4,"column":0},"end":{"line":4,"column":45}},"4":{"start":{"line":5,"column":0},"end":{"line":5,"column":47}},"5":{"start":{"line":6,"column":0},"end":{"line":6,"column":49}},"6":{"start":{"line":7,"column":0},"end":{"line":7,"column":51}},"7":{"start":{"line":22,"column":2},"end":{"line":28,"column":null}},"8":{"start":{"line":36,"column":9},"end":{"line":36,"column":17}},"9":{"start":{"line":31,"column":0},"end":{"line":31,"column":null}},"10":{"start":{"line":32,"column":0},"end":{"line":32,"column":null}},"11":{"start":{"line":33,"column":0},"end":{"line":33,"column":null}},"12":{"start":{"line":34,"column":0},"end":{"line":34,"column":null}}},"fnMap":{"0":{"name":"Calendar","decl":{"start":{"line":16,"column":9},"end":{"line":16,"column":17}},"loc":{"start":{"line":21,"column":16},"end":{"line":29,"column":1}}}},"branchMap":{"0":{"loc":{"start":{"line":18,"column":10},"end":{"line":18,"column":20}},"type":"default-arg","locations":[{"start":{"line":18,"column":10},"end":{"line":18,"column":20}}]},"1":{"loc":{"start":{"line":19,"column":18},"end":{"line":19,"column":20}},"type":"default-arg","locations":[{"start":{"line":19,"column":18},"end":{"line":19,"column":20}}]},"2":{"loc":{"start":{"line":20,"column":12},"end":{"line":20,"column":21}},"type":"default-arg","locations":[{"start":{"line":20,"column":12},"end":{"line":20,"column":21}}]}},"s":{"0":4,"1":4,"2":4,"3":4,"4":4,"5":4,"6":4,"7":9,"8":4,"9":4,"10":4,"11":4,"12":4},"f":{"0":9},"b":{"0":[0],"1":[5],"2":[3]}}
,"C:\\Users\\marci\\Source\\headless-mule\\src\\calendar\\CalendarContext.tsx": {"path":"C:\\Users\\marci\\Source\\headless-mule\\src\\calendar\\CalendarContext.tsx","statementMap":{"0":{"start":{"line":1,"column":0},"end":{"line":1,"column":44}},"1":{"start":{"line":2,"column":0},"end":{"line":2,"column":72}},"2":{"start":{"line":3,"column":0},"end":{"line":3,"column":55}},"3":{"start":{"line":17,"column":24},"end":{"line":21,"column":2}},"4":{"start":{"line":36,"column":9},"end":{"line":36,"column":24}},"5":{"start":{"line":23,"column":21},"end":{"line":23,"column":36}},"6":{"start":{"line":30,"column":21},"end":{"line":30,"column":40}},"7":{"start":{"line":31,"column":16},"end":{"line":31,"column":58}},"8":{"start":{"line":33,"column":2},"end":{"line":33,"column":null}},"9":{"start":{"line":36,"column":26},"end":{"line":36,"column":42}}},"fnMap":{"0":{"name":"CalendarProvider","decl":{"start":{"line":25,"column":9},"end":{"line":25,"column":25}},"loc":{"start":{"line":29,"column":24},"end":{"line":34,"column":1}}}},"branchMap":{},"s":{"0":4,"1":4,"2":4,"3":4,"4":4,"5":4,"6":9,"7":9,"8":9,"9":4},"f":{"0":9},"b":{}}
,"C:\\Users\\marci\\Source\\headless-mule\\src\\calendar\\CalendarDate.tsx": {"path":"C:\\Users\\marci\\Source\\headless-mule\\src\\calendar\\CalendarDate.tsx","statementMap":{"0":{"start":{"line":1,"column":0},"end":{"line":1,"column":42}},"1":{"start":{"line":2,"column":0},"end":{"line":2,"column":41}},"2":{"start":{"line":3,"column":0},"end":{"line":3,"column":51}},"3":{"start":{"line":17,"column":20},"end":{"line":17,"column":47}},"4":{"start":{"line":19,"column":2},"end":{"line":36,"column":null}},"5":{"start":{"line":22,"column":27},"end":{"line":22,"column":46}},"6":{"start":{"line":23,"column":24},"end":{"line":23,"column":42}},"7":{"start":{"line":25,"column":31},"end":{"line":29,"column":null}},"8":{"start":{"line":31,"column":8},"end":{"line":33,"column":null}},"9":{"start":{"line":16,"column":0},"end":{"line":16,"column":16}}},"fnMap":{"0":{"name":"CalendarDate","decl":{"start":{"line":16,"column":16},"end":{"line":16,"column":28}},"loc":{"start":{"line":16,"column":60},"end":{"line":37,"column":1}}},"1":{"name":"(anonymous_7)","decl":{"start":{"line":21,"column":17},"end":{"line":21,"column":18}},"loc":{"start":{"line":21,"column":31},"end":{"line":34,"column":7}}}},"branchMap":{},"s":{"0":4,"1":4,"2":4,"3":1,"4":1,"5":31,"6":31,"7":31,"8":31,"9":4},"f":{"0":1,"1":31},"b":{}}
,"C:\\Users\\marci\\Source\\headless-mule\\src\\calendar\\CalendarDates.tsx": {"path":"C:\\Users\\marci\\Source\\headless-mule\\src\\calendar\\CalendarDates.tsx","statementMap":{"0":{"start":{"line":1,"column":0},"end":{"line":1,"column":36}},"1":{"start":{"line":2,"column":0},"end":{"line":2,"column":41}},"2":{"start":{"line":3,"column":0},"end":{"line":3,"column":51}},"3":{"start":{"line":14,"column":20},"end":{"line":14,"column":47}},"4":{"start":{"line":15,"column":22},"end":{"line":15,"column":27}},"5":{"start":{"line":16,"column":23},"end":{"line":16,"column":46}},"6":{"start":{"line":18,"column":25},"end":{"line":20,"column":null}},"7":{"start":{"line":22,"column":2},"end":{"line":22,"column":null}},"8":{"start":{"line":13,"column":0},"end":{"line":13,"column":16}}},"fnMap":{"0":{"name":"CalendarDates","decl":{"start":{"line":13,"column":16},"end":{"line":13,"column":29}},"loc":{"start":{"line":13,"column":62},"end":{"line":23,"column":1}}}},"branchMap":{},"s":{"0":4,"1":4,"2":4,"3":1,"4":1,"5":1,"6":1,"7":1,"8":4},"f":{"0":1},"b":{}}
,"C:\\Users\\marci\\Source\\headless-mule\\src\\calendar\\CalendarHeader.tsx": {"path":"C:\\Users\\marci\\Source\\headless-mule\\src\\calendar\\CalendarHeader.tsx","statementMap":{"0":{"start":{"line":1,"column":0},"end":{"line":1,"column":34}},"1":{"start":{"line":2,"column":0},"end":{"line":2,"column":40}},"2":{"start":{"line":3,"column":0},"end":{"line":3,"column":41}},"3":{"start":{"line":4,"column":0},"end":{"line":4,"column":57}},"4":{"start":{"line":5,"column":0},"end":{"line":5,"column":51}},"5":{"start":{"line":21,"column":18},"end":{"line":21,"column":44}},"6":{"start":{"line":22,"column":20},"end":{"line":22,"column":47}},"7":{"start":{"line":24,"column":20},"end":{"line":24,"column":68}},"8":{"start":{"line":25,"column":21},"end":{"line":25,"column":70}},"9":{"start":{"line":26,"column":22},"end":{"line":26,"column":72}},"10":{"start":{"line":28,"column":25},"end":{"line":35,"column":null}},"11":{"start":{"line":37,"column":2},"end":{"line":37,"column":null}},"12":{"start":{"line":20,"column":0},"end":{"line":20,"column":16}}},"fnMap":{"0":{"name":"CalendarHeader","decl":{"start":{"line":20,"column":16},"end":{"line":20,"column":30}},"loc":{"start":{"line":20,"column":64},"end":{"line":38,"column":1}}}},"branchMap":{},"s":{"0":4,"1":4,"2":4,"3":4,"4":4,"5":4,"6":4,"7":4,"8":4,"9":4,"10":4,"11":4,"12":4},"f":{"0":4},"b":{}}
,"C:\\Users\\marci\\Source\\headless-mule\\src\\calendar\\CalendarWeekday.tsx": {"path":"C:\\Users\\marci\\Source\\headless-mule\\src\\calendar\\CalendarWeekday.tsx","statementMap":{"0":{"start":{"line":1,"column":0},"end":{"line":1,"column":33}},"1":{"start":{"line":2,"column":0},"end":{"line":2,"column":41}},"2":{"start":{"line":3,"column":0},"end":{"line":3,"column":57}},"3":{"start":{"line":4,"column":0},"end":{"line":4,"column":51}},"4":{"start":{"line":19,"column":18},"end":{"line":19,"column":44}},"5":{"start":{"line":20,"column":25},"end":{"line":20,"column":52}},"6":{"start":{"line":22,"column":2},"end":{"line":45,"column":null}},"7":{"start":{"line":25,"column":20},"end":{"line":25,"column":32}},"8":{"start":{"line":26,"column":21},"end":{"line":26,"column":70}},"9":{"start":{"line":27,"column":22},"end":{"line":27,"column":72}},"10":{"start":{"line":28,"column":23},"end":{"line":30,"column":10}},"11":{"start":{"line":32,"column":31},"end":{"line":38,"column":null}},"12":{"start":{"line":40,"column":8},"end":{"line":42,"column":null}},"13":{"start":{"line":18,"column":0},"end":{"line":18,"column":16}}},"fnMap":{"0":{"name":"CalendarWeekday","decl":{"start":{"line":18,"column":16},"end":{"line":18,"column":31}},"loc":{"start":{"line":18,"column":66},"end":{"line":46,"column":1}}},"1":{"name":"(anonymous_7)","decl":{"start":{"line":24,"column":22},"end":{"line":24,"column":23}},"loc":{"start":{"line":24,"column":36},"end":{"line":43,"column":7}}}},"branchMap":{},"s":{"0":4,"1":4,"2":4,"3":4,"4":3,"5":3,"6":3,"7":21,"8":21,"9":21,"10":21,"11":21,"12":21,"13":4},"f":{"0":3,"1":21},"b":{}}
,"C:\\Users\\marci\\Source\\headless-mule\\src\\calendar\\useCalendarDates.ts": {"path":"C:\\Users\\marci\\Source\\headless-mule\\src\\calendar\\useCalendarDates.ts","statementMap":{"0":{"start":{"line":1,"column":0},"end":{"line":1,"column":33}},"1":{"start":{"line":2,"column":0},"end":{"line":2,"column":53}},"2":{"start":{"line":19,"column":35},"end":{"line":19,"column":40}},"3":{"start":{"line":20,"column":14},"end":{"line":20,"column":49}},"4":{"start":{"line":22,"column":2},"end":{"line":24,"column":null}},"5":{"start":{"line":23,"column":4},"end":{"line":23,"column":null}},"6":{"start":{"line":26,"column":2},"end":{"line":26,"column":null}},"7":{"start":{"line":16,"column":0},"end":{"line":16,"column":16}}},"fnMap":{"0":{"name":"useCalendarDates","decl":{"start":{"line":16,"column":16},"end":{"line":16,"column":32}},"loc":{"start":{"line":17,"column":30},"end":{"line":27,"column":1}}},"1":{"name":"(anonymous_1)","decl":{"start":{"line":22,"column":12},"end":{"line":22,"column":15}},"loc":{"start":{"line":22,"column":17},"end":{"line":24,"column":3}}}},"branchMap":{},"s":{"0":5,"1":5,"2":11,"3":11,"4":11,"5":11,"6":11,"7":5},"f":{"0":11,"1":11},"b":{}}
,"C:\\Users\\marci\\Source\\headless-mule\\src\\calendar\\useCalendarHeader.ts": {"path":"C:\\Users\\marci\\Source\\headless-mule\\src\\calendar\\useCalendarHeader.ts","statementMap":{"0":{"start":{"line":1,"column":0},"end":{"line":1,"column":null}},"1":{"start":{"line":13,"column":16},"end":{"line":13,"column":39}},"2":{"start":{"line":15,"column":15},"end":{"line":23,"column":null}},"3":{"start":{"line":25,"column":21},"end":{"line":27,"column":42}},"4":{"start":{"line":29,"column":2},"end":{"line":29,"column":null}},"5":{"start":{"line":12,"column":0},"end":{"line":12,"column":16}}},"fnMap":{"0":{"name":"useCalendarHeader","decl":{"start":{"line":12,"column":16},"end":{"line":12,"column":33}},"loc":{"start":{"line":12,"column":52},"end":{"line":30,"column":1}}}},"branchMap":{"0":{"loc":{"start":{"line":12,"column":51},"end":{"line":12,"column":52}},"type":"default-arg","locations":[{"start":{"line":12,"column":51},"end":{"line":12,"column":52}}]}},"s":{"0":5,"1":17,"2":17,"3":17,"4":17,"5":5},"f":{"0":17},"b":{"0":[9]}}
,"C:\\Users\\marci\\Source\\headless-mule\\src\\calendar\\utils\\generateDates.ts": {"path":"C:\\Users\\marci\\Source\\headless-mule\\src\\calendar\\utils\\generateDates.ts","statementMap":{"0":{"start":{"line":1,"column":0},"end":{"line":1,"column":null}},"1":{"start":{"line":8,"column":0},"end":{"line":8,"column":38}},"2":{"start":{"line":12,"column":35},"end":{"line":12,"column":37}},"3":{"start":{"line":13,"column":15},"end":{"line":13,"column":34}},"4":{"start":{"line":15,"column":2},"end":{"line":25,"column":null}},"5":{"start":{"line":19,"column":23},"end":{"line":20,"column":null}},"6":{"start":{"line":20,"column":6},"end":{"line":20,"column":51}},"7":{"start":{"line":23,"column":4},"end":{"line":23,"column":null}},"8":{"start":{"line":24,"column":4},"end":{"line":24,"column":null}},"9":{"start":{"line":27,"column":2},"end":{"line":27,"column":null}},"10":{"start":{"line":11,"column":0},"end":{"line":11,"column":16}}},"fnMap":{"0":{"name":"generateDates","decl":{"start":{"line":11,"column":16},"end":{"line":11,"column":29}},"loc":{"start":{"line":11,"column":64},"end":{"line":28,"column":1}}},"1":{"name":"(anonymous_2)","decl":{"start":{"line":19,"column":42},"end":{"line":19,"column":43}},"loc":{"start":{"line":20,"column":6},"end":{"line":20,"column":51}}}},"branchMap":{"0":{"loc":{"start":{"line":16,"column":4},"end":{"line":16,"column":39}},"type":"binary-expr","locations":[{"start":{"line":16,"column":4},"end":{"line":16,"column":39}},{"start":{"line":17,"column":4},"end":{"line":17,"column":38}}]}},"s":{"0":5,"1":5,"2":22,"3":22,"4":22,"5":678,"6":180,"7":678,"8":678,"9":22,"10":5},"f":{"0":22,"1":180},"b":{"0":[700,22]}}
,"C:\\Users\\marci\\Source\\headless-mule\\src\\common\\LocalesContext.tsx": {"path":"C:\\Users\\marci\\Source\\headless-mule\\src\\common\\LocalesContext.tsx","statementMap":{"0":{"start":{"line":1,"column":0},"end":{"line":1,"column":37}},"1":{"start":{"line":3,"column":13},"end":{"line":3,"column":null}}},"fnMap":{},"branchMap":{},"s":{"0":4,"1":4},"f":{},"b":{}}
}
