TN:
SF:src\calendar\Calendar.tsx
FN:16,Calendar
FNF:1
FNH:1
FNDA:9,Calendar
DA:1,4
DA:2,4
DA:3,4
DA:4,4
DA:5,4
DA:6,4
DA:7,4
DA:22,9
DA:31,4
DA:32,4
DA:33,4
DA:34,4
DA:36,4
LF:13
LH:13
BRDA:18,0,0,0
BRDA:19,1,0,5
BRDA:20,2,0,3
BRF:3
BRH:2
end_of_record
TN:
SF:src\calendar\CalendarContext.tsx
FN:25,CalendarProvider
FNF:1
FNH:1
FNDA:9,CalendarProvider
DA:1,4
DA:2,4
DA:3,4
DA:17,4
DA:23,4
DA:30,9
DA:31,9
DA:33,9
DA:36,4
LF:9
LH:9
BRF:0
BRH:0
end_of_record
TN:
SF:src\calendar\CalendarDate.tsx
FN:16,CalendarDate
FN:21,(anonymous_7)
FNF:2
FNH:2
FNDA:1,CalendarDate
FNDA:31,(anonymous_7)
DA:1,4
DA:2,4
DA:3,4
DA:16,4
DA:17,1
DA:19,1
DA:22,31
DA:23,31
DA:25,31
DA:31,31
LF:10
LH:10
BRF:0
BRH:0
end_of_record
TN:
SF:src\calendar\CalendarDates.tsx
FN:13,CalendarDates
FNF:1
FNH:1
FNDA:1,CalendarDates
DA:1,4
DA:2,4
DA:3,4
DA:13,4
DA:14,1
DA:15,1
DA:16,1
DA:18,1
DA:22,1
LF:9
LH:9
BRF:0
BRH:0
end_of_record
TN:
SF:src\calendar\CalendarHeader.tsx
FN:20,CalendarHeader
FNF:1
FNH:1
FNDA:4,CalendarHeader
DA:1,4
DA:2,4
DA:3,4
DA:4,4
DA:5,4
DA:20,4
DA:21,4
DA:22,4
DA:24,4
DA:25,4
DA:26,4
DA:28,4
DA:37,4
LF:13
LH:13
BRF:0
BRH:0
end_of_record
TN:
SF:src\calendar\CalendarWeekday.tsx
FN:18,CalendarWeekday
FN:24,(anonymous_7)
FNF:2
FNH:2
FNDA:3,CalendarWeekday
FNDA:21,(anonymous_7)
DA:1,4
DA:2,4
DA:3,4
DA:4,4
DA:18,4
DA:19,3
DA:20,3
DA:22,3
DA:25,21
DA:26,21
DA:27,21
DA:28,21
DA:32,21
DA:40,21
LF:14
LH:14
BRF:0
BRH:0
end_of_record
TN:
SF:src\calendar\useCalendarDates.ts
FN:16,useCalendarDates
FN:22,(anonymous_1)
FNF:2
FNH:2
FNDA:11,useCalendarDates
FNDA:11,(anonymous_1)
DA:1,5
DA:2,5
DA:16,5
DA:19,11
DA:20,11
DA:22,11
DA:23,11
DA:26,11
LF:8
LH:8
BRF:0
BRH:0
end_of_record
TN:
SF:src\calendar\useCalendarHeader.ts
FN:12,useCalendarHeader
FNF:1
FNH:1
FNDA:17,useCalendarHeader
DA:1,5
DA:12,5
DA:13,17
DA:15,17
DA:25,17
DA:29,17
LF:6
LH:6
BRDA:12,0,0,9
BRF:1
BRH:1
end_of_record
TN:
SF:src\calendar\utils\generateDates.ts
FN:11,generateDates
FN:19,(anonymous_2)
FNF:2
FNH:2
FNDA:22,generateDates
FNDA:180,(anonymous_2)
DA:1,5
DA:8,5
DA:11,5
DA:12,22
DA:13,22
DA:15,22
DA:19,678
DA:20,180
DA:23,678
DA:24,678
DA:27,22
LF:11
LH:11
BRDA:16,0,0,700
BRDA:16,0,1,22
BRF:2
BRH:2
end_of_record
TN:
SF:src\common\LocalesContext.tsx
FNF:0
FNH:0
DA:1,4
DA:3,4
LF:2
LH:2
BRF:0
BRH:0
end_of_record
